c:\users\meh\source\repos\algo_question2\question2_algo\question2_algo\debug\question2_algo.pch
c:\users\meh\source\repos\algo_question2\question2_algo\question2_algo\debug\vc141.pdb
c:\users\meh\source\repos\algo_question2\question2_algo\question2_algo\debug\vc141.idb
c:\users\meh\source\repos\algo_question2\question2_algo\question2_algo\debug\stdafx.obj
c:\users\meh\source\repos\algo_question2\question2_algo\question2_algo\debug\jeu.obj
c:\users\meh\source\repos\algo_question2\question2_algo\question2_algo\debug\monstre.obj
c:\users\meh\source\repos\algo_question2\question2_algo\question2_algo\debug\question2_algo.obj
c:\users\meh\source\repos\algo_question2\question2_algo\question2_algo\debug\test.obj
c:\users\bruh\downloads\algo_question2\question2_algo\question2_algo\debug\question2_algo.pch
c:\users\bruh\downloads\algo_question2\question2_algo\question2_algo\debug\vc141.pdb
c:\users\bruh\downloads\algo_question2\question2_algo\question2_algo\debug\vc141.idb
c:\users\bruh\downloads\algo_question2\question2_algo\question2_algo\debug\stdafx.obj
c:\users\bruh\downloads\algo_question2\question2_algo\question2_algo\debug\jeu.obj
c:\users\bruh\downloads\algo_question2\question2_algo\question2_algo\debug\monstre.obj
c:\users\bruh\downloads\algo_question2\question2_algo\question2_algo\debug\question2_algo.obj
c:\users\bruh\downloads\algo_question2\question2_algo\question2_algo\debug\test.obj
c:\users\bruh\downloads\algo_question2\question2_algo\debug\question2_algo.pdb
c:\users\bruh\downloads\algo_question2\question2_algo\question2_algo\debug\question2_algo.tlog\cl.command.1.tlog
c:\users\bruh\downloads\algo_question2\question2_algo\question2_algo\debug\question2_algo.tlog\cl.read.1.tlog
c:\users\bruh\downloads\algo_question2\question2_algo\question2_algo\debug\question2_algo.tlog\cl.write.1.tlog
c:\users\bruh\downloads\algo_question2\question2_algo\question2_algo\debug\question2_algo.tlog\link-cvtres.read.1.tlog
c:\users\bruh\downloads\algo_question2\question2_algo\question2_algo\debug\question2_algo.tlog\link-cvtres.write.1.tlog
c:\users\bruh\downloads\algo_question2\question2_algo\question2_algo\debug\question2_algo.tlog\link-rc.read.1.tlog
c:\users\bruh\downloads\algo_question2\question2_algo\question2_algo\debug\question2_algo.tlog\link-rc.write.1.tlog
c:\users\bruh\downloads\algo_question2\question2_algo\question2_algo\debug\question2_algo.tlog\link.command.1.tlog
c:\users\bruh\downloads\algo_question2\question2_algo\question2_algo\debug\question2_algo.tlog\link.read.1.tlog
c:\users\bruh\downloads\algo_question2\question2_algo\question2_algo\debug\question2_algo.tlog\link.write.1.tlog
